Build started 11/04/2016 14:53:55.
     1>Project "D:\Users\user-pc\Documents\Visual Studio 2013\magshimim\fifth simester\project\gitshare\MegaTabLight\MegaTabLight\MegaTabLight.vcxproj" on node 2 (Build target(s)).
     1>ClCompile:
         C:\Program Files (x86)\Microsoft Visual Studio 12.0\VC\bin\CL.exe /c /ID:\opencv\Build\x86\vc12\..\..\include /ZI /nologo /W3 /WX- /sdl /Od /Oy- /D WIN32 /D _DEBUG /D _CONSOLE /D _LIB /D _UNICODE /D UNICODE /Gm /EHsc /RTC1 /MDd /GS /fp:precise /Zc:wchar_t /Zc:forScope /Fo"Debug\\" /Fd"Debug\vc120.pdb" /Gd /TP /analyze- /errorReport:prompt "..\..\source code\Arduino\LEDBoardControl.cpp" "..\..\source code\General and Main\EdditionalFunction.cpp" "..\..\source code\General and Main\Main.cpp" "..\..\source code\General and Main\exceptions.cpp" "..\..\source code\IO devices\CommunicationProtocol.cpp" "..\..\source code\IO devices\Screen.cpp" "..\..\source code\IO devices\Sensor.cpp" "..\..\source code\Menu system\Brightness.cpp" "..\..\source code\Menu system\ChangePassword.cpp" "..\..\source code\Menu system\ComputerCommunicate.cpp" "..\..\source code\Menu system\ComputerControl.cpp" "..\..\source code\Menu system\FeedBack.cpp" "..\..\source code\Menu system\Games.cpp" "..\..\source code\Menu system\GeneralPage.cpp" "..\..\source code\Menu system\Hockey.cpp" "..\..\source code\Menu system\Keyboard.cpp" "..\..\source code\Menu system\Light.cpp" "..\..\source code\Menu system\LiveWallPaper.cpp" "..\..\source code\Menu system\Media.cpp" "..\..\source code\Menu system\Menu.cpp" "..\..\source code\Menu system\Mouse.cpp" "..\..\source code\Menu system\Movie.cpp" "..\..\source code\Menu system\Page.cpp" "..\..\source code\Menu system\Paint.cpp" "..\..\source code\Menu system\Password.cpp" "..\..\source code\Menu system\Picture.cpp" "..\..\source code\Menu system\PrintPic.cpp" "..\..\source code\Menu system\Sensitivity.cpp" "..\..\source code\Menu system\Settings.cpp" "..\..\source code\Menu system\SettingsFile.cpp" "..\..\source code\Menu system\Shortcut.cpp" "..\..\source code\Menu system\Snake.cpp" "..\..\source code\Menu system\WallPaper.cpp"
         WallPaper.cpp
     1>c:\program files (x86)\microsoft visual studio 12.0\vc\include\xstddef(328): error C2338: The C++ Standard doesn't provide a hash for this type.
                 c:\program files (x86)\microsoft visual studio 12.0\vc\include\type_traits(572) : see reference to class template instantiation 'std::hash<_Kty>' being compiled
                 with
                 [
                     _Kty=Square
                 ]
                 c:\program files (x86)\microsoft visual studio 12.0\vc\include\xhash(196) : see reference to class template instantiation 'std::is_empty<_Hasher>' being compiled
                 with
                 [
                     _Hasher=std::hash<Square>
                 ]
                 c:\program files (x86)\microsoft visual studio 12.0\vc\include\xhash(220) : see reference to class template instantiation 'std::_Hash_oper2<false,_Hasher,_Keyeq>' being compiled
                 with
                 [
                     _Hasher=std::hash<Square>
         ,            _Keyeq=std::equal_to<Square>
                 ]
                 c:\program files (x86)\microsoft visual studio 12.0\vc\include\unordered_map(23) : see reference to class template instantiation 'std::_Uhash_compare<_Kty,_Hasher,_Keyeq>' being compiled
                 with
                 [
                     _Kty=Square
         ,            _Hasher=std::hash<Square>
         ,            _Keyeq=std::equal_to<Square>
                 ]
                 c:\program files (x86)\microsoft visual studio 12.0\vc\include\xhash(255) : see reference to class template instantiation 'std::_Umap_traits<_Kty,_Ty,std::_Uhash_compare<_Kty,_Hasher,_Keyeq>,_Alloc,false>' being compiled
                 with
                 [
                     _Kty=Square
         ,            _Ty=std::string
         ,            _Hasher=std::hash<Square>
         ,            _Keyeq=std::equal_to<Square>
         ,            _Alloc=std::allocator<std::pair<const Square,std::string>>
                 ]
                 c:\program files (x86)\microsoft visual studio 12.0\vc\include\unordered_map(81) : see reference to class template instantiation 'std::_Hash<std::_Umap_traits<_Kty,_Ty,std::_Uhash_compare<_Kty,_Hasher,_Keyeq>,_Alloc,false>>' being compiled
                 with
                 [
                     _Kty=Square
         ,            _Ty=std::string
         ,            _Hasher=std::hash<Square>
         ,            _Keyeq=std::equal_to<Square>
         ,            _Alloc=std::allocator<std::pair<const Square,std::string>>
                 ]
                 d:\users\user-pc\documents\visual studio 2013\magshimim\fifth simester\project\gitshare\source code\menu system\wallpaper.h(17) : see reference to class template instantiation 'std::unordered_map<Square,std::string,std::hash<_Kty>,std::equal_to<_Kty>,std::allocator<std::pair<const _Kty,_Ty>>>' being compiled
                 with
                 [
                     _Kty=Square
         ,            _Ty=std::string
                 ]
     1>d:\users\user-pc\documents\visual studio 2013\magshimim\fifth simester\project\gitshare\source code\menu system\wallpaper.h(31): error C2259: 'WallPaper' : cannot instantiate abstract class
                 due to following members:
                 'Page *Page::Function(std::vector<std::vector<cv::Point,std::allocator<_Ty>>,std::allocator<std::vector<_Ty,std::allocator<_Ty>>>> *)' : is abstract
                 with
                 [
                     _Ty=cv::Point
                 ]
                 d:\users\user-pc\documents\visual studio 2013\magshimim\fifth simester\project\gitshare\source code\menu system\page.h(16) : see declaration of 'Page::Function'
         Snake.cpp
     1>d:\users\user-pc\documents\visual studio 2013\magshimim\fifth simester\project\gitshare\source code\menu system\snake.h(18): error C2259: 'Snake' : cannot instantiate abstract class
                 due to following members:
                 'Page *Page::Function(std::vector<std::vector<cv::Point,std::allocator<_Ty>>,std::allocator<std::vector<_Ty,std::allocator<_Ty>>>> *)' : is abstract
                 with
                 [
                     _Ty=cv::Point
                 ]
                 d:\users\user-pc\documents\visual studio 2013\magshimim\fifth simester\project\gitshare\source code\menu system\page.h(16) : see declaration of 'Page::Function'
         Shortcut.cpp
     1>d:\users\user-pc\documents\visual studio 2013\magshimim\fifth simester\project\gitshare\source code\menu system\shortcut.h(18): error C2259: 'Shortcut' : cannot instantiate abstract class
                 due to following members:
                 'Page *Page::Function(std::vector<std::vector<cv::Point,std::allocator<_Ty>>,std::allocator<std::vector<_Ty,std::allocator<_Ty>>>> *)' : is abstract
                 with
                 [
                     _Ty=cv::Point
                 ]
                 d:\users\user-pc\documents\visual studio 2013\magshimim\fifth simester\project\gitshare\source code\menu system\page.h(16) : see declaration of 'Page::Function'
         Settings.cpp
     1>d:\users\user-pc\documents\visual studio 2013\magshimim\fifth simester\project\gitshare\source code\menu system\page.h(10): error C2011: 'Page' : 'class' type redefinition
                 d:\users\user-pc\documents\visual studio 2013\magshimim\fifth simester\project\gitshare\source code\menu system\page.h(10) : see declaration of 'Page'
     1>d:\users\user-pc\documents\visual studio 2013\magshimim\fifth simester\project\gitshare\source code\menu system\changepassword.h(5): error C2504: 'Page' : base class undefined
     1>d:\users\user-pc\documents\visual studio 2013\magshimim\fifth simester\project\gitshare\source code\menu system\feedback.h(5): error C2504: 'Page' : base class undefined
     1>d:\users\user-pc\documents\visual studio 2013\magshimim\fifth simester\project\gitshare\source code\menu system\brightness.h(5): error C2504: 'Page' : base class undefined
     1>d:\users\user-pc\documents\visual studio 2013\magshimim\fifth simester\project\gitshare\source code\menu system\sensitivity.h(5): error C2504: 'Page' : base class undefined
     1>d:\users\user-pc\documents\visual studio 2013\magshimim\fifth simester\project\gitshare\source code\menu system\settings.h(16): error C2504: 'Page' : base class undefined
     1>c:\program files (x86)\microsoft visual studio 12.0\vc\include\xstddef(328): error C2338: The C++ Standard doesn't provide a hash for this type.
                 c:\program files (x86)\microsoft visual studio 12.0\vc\include\type_traits(572) : see reference to class template instantiation 'std::hash<_Kty>' being compiled
                 with
                 [
                     _Kty=Square
                 ]
                 c:\program files (x86)\microsoft visual studio 12.0\vc\include\xhash(196) : see reference to class template instantiation 'std::is_empty<_Hasher>' being compiled
                 with
                 [
                     _Hasher=std::hash<Square>
                 ]
                 c:\program files (x86)\microsoft visual studio 12.0\vc\include\xhash(220) : see reference to class template instantiation 'std::_Hash_oper2<false,_Hasher,_Keyeq>' being compiled
                 with
                 [
                     _Hasher=std::hash<Square>
         ,            _Keyeq=std::equal_to<Square>
                 ]
                 c:\program files (x86)\microsoft visual studio 12.0\vc\include\unordered_map(23) : see reference to class template instantiation 'std::_Uhash_compare<_Kty,_Hasher,_Keyeq>' being compiled
                 with
                 [
                     _Kty=Square
         ,            _Hasher=std::hash<Square>
         ,            _Keyeq=std::equal_to<Square>
                 ]
                 c:\program files (x86)\microsoft visual studio 12.0\vc\include\xhash(255) : see reference to class template instantiation 'std::_Umap_traits<_Kty,_Ty,std::_Uhash_compare<_Kty,_Hasher,_Keyeq>,_Alloc,false>' being compiled
                 with
                 [
                     _Kty=Square
         ,            _Ty=Page *
         ,            _Hasher=std::hash<Square>
         ,            _Keyeq=std::equal_to<Square>
         ,            _Alloc=std::allocator<std::pair<const Square,Page *>>
                 ]
                 c:\program files (x86)\microsoft visual studio 12.0\vc\include\unordered_map(81) : see reference to class template instantiation 'std::_Hash<std::_Umap_traits<_Kty,_Ty,std::_Uhash_compare<_Kty,_Hasher,_Keyeq>,_Alloc,false>>' being compiled
                 with
                 [
                     _Kty=Square
         ,            _Ty=Page *
         ,            _Hasher=std::hash<Square>
         ,            _Keyeq=std::equal_to<Square>
         ,            _Alloc=std::allocator<std::pair<const Square,Page *>>
                 ]
                 d:\users\user-pc\documents\visual studio 2013\magshimim\fifth simester\project\gitshare\source code\menu system\settings.h(21) : see reference to class template instantiation 'std::unordered_map<Square,Page *,std::hash<_Kty>,std::equal_to<_Kty>,std::allocator<std::pair<const _Kty,_Ty>>>' being compiled
                 with
                 [
                     _Kty=Square
         ,            _Ty=Page *
                 ]
     1>d:\users\user-pc\documents\visual studio 2013\magshimim\fifth simester\project\gitshare\source code\menu system\settings.cpp(8): error C2614: 'Settings' : illegal member initialization: 'Page' is not a base or member
     1>d:\users\user-pc\documents\visual studio 2013\magshimim\fifth simester\project\gitshare\source code\menu system\settings.cpp(11): error C2039: '_Buttons' : is not a member of 'Settings'
                 d:\users\user-pc\documents\visual studio 2013\magshimim\fifth simester\project\gitshare\source code\menu system\settings.h(15) : see declaration of 'Settings'
     1>d:\users\user-pc\documents\visual studio 2013\magshimim\fifth simester\project\gitshare\source code\menu system\settings.cpp(17): error C2039: '_Buttons' : is not a member of 'Settings'
                 d:\users\user-pc\documents\visual studio 2013\magshimim\fifth simester\project\gitshare\source code\menu system\settings.h(15) : see declaration of 'Settings'
     1>d:\users\user-pc\documents\visual studio 2013\magshimim\fifth simester\project\gitshare\source code\menu system\settings.cpp(17): error C2227: left of '->at' must point to class/struct/union/generic type
     1>d:\users\user-pc\documents\visual studio 2013\magshimim\fifth simester\project\gitshare\source code\menu system\settings.cpp(19): error C2440: '=' : cannot convert from 'ChangePassword *' to 'Page *'
                 Types pointed to are unrelated; conversion requires reinterpret_cast, C-style cast or function-style cast
     1>d:\users\user-pc\documents\visual studio 2013\magshimim\fifth simester\project\gitshare\source code\menu system\settings.cpp(20): error C2440: '=' : cannot convert from 'FeedBack *' to 'Page *'
                 Types pointed to are unrelated; conversion requires reinterpret_cast, C-style cast or function-style cast
     1>d:\users\user-pc\documents\visual studio 2013\magshimim\fifth simester\project\gitshare\source code\menu system\settings.cpp(21): error C2440: '=' : cannot convert from 'Brightness *' to 'Page *'
                 Types pointed to are unrelated; conversion requires reinterpret_cast, C-style cast or function-style cast
     1>d:\users\user-pc\documents\visual studio 2013\magshimim\fifth simester\project\gitshare\source code\menu system\settings.cpp(22): error C2440: '=' : cannot convert from 'Sensitivity *' to 'Page *'
                 Types pointed to are unrelated; conversion requires reinterpret_cast, C-style cast or function-style cast
     1>d:\users\user-pc\documents\visual studio 2013\magshimim\fifth simester\project\gitshare\source code\menu system\settings.cpp(46): error C2440: 'return' : cannot convert from 'Settings *const ' to 'Page *'
                 Types pointed to are unrelated; conversion requires reinterpret_cast, C-style cast or function-style cast
         Sensitivity.cpp
     1>d:\users\user-pc\documents\visual studio 2013\magshimim\fifth simester\project\gitshare\source code\menu system\sensitivity.h(18): error C2259: 'Sensitivity' : cannot instantiate abstract class
                 due to following members:
                 'Page *Page::Function(std::vector<std::vector<cv::Point,std::allocator<_Ty>>,std::allocator<std::vector<_Ty,std::allocator<_Ty>>>> *)' : is abstract
                 with
                 [
                     _Ty=cv::Point
                 ]
                 d:\users\user-pc\documents\visual studio 2013\magshimim\fifth simester\project\gitshare\source code\menu system\page.h(16) : see declaration of 'Page::Function'
         Password.cpp
     1>d:\users\user-pc\documents\visual studio 2013\magshimim\fifth simester\project\gitshare\source code\menu system\password.h(18): error C2259: 'Password' : cannot instantiate abstract class
                 due to following members:
                 'Page *Page::Function(std::vector<std::vector<cv::Point,std::allocator<_Ty>>,std::allocator<std::vector<_Ty,std::allocator<_Ty>>>> *)' : is abstract
                 with
                 [
                     _Ty=cv::Point
                 ]
                 d:\users\user-pc\documents\visual studio 2013\magshimim\fifth simester\project\gitshare\source code\menu system\page.h(16) : see declaration of 'Page::Function'
         Paint.cpp
     1>d:\users\user-pc\documents\visual studio 2013\magshimim\fifth simester\project\gitshare\source code\menu system\paint.h(18): error C2259: 'Paint' : cannot instantiate abstract class
                 due to following members:
                 'Page *Page::Function(std::vector<std::vector<cv::Point,std::allocator<_Ty>>,std::allocator<std::vector<_Ty,std::allocator<_Ty>>>> *)' : is abstract
                 with
                 [
                     _Ty=cv::Point
                 ]
                 d:\users\user-pc\documents\visual studio 2013\magshimim\fifth simester\project\gitshare\source code\menu system\page.h(16) : see declaration of 'Page::Function'
         Page.cpp
         Movie.cpp
     1>d:\users\user-pc\documents\visual studio 2013\magshimim\fifth simester\project\gitshare\source code\menu system\movie.h(18): error C2259: 'Movie' : cannot instantiate abstract class
                 due to following members:
                 'Page *Page::Function(std::vector<std::vector<cv::Point,std::allocator<_Ty>>,std::allocator<std::vector<_Ty,std::allocator<_Ty>>>> *)' : is abstract
                 with
                 [
                     _Ty=cv::Point
                 ]
                 d:\users\user-pc\documents\visual studio 2013\magshimim\fifth simester\project\gitshare\source code\menu system\page.h(16) : see declaration of 'Page::Function'
         Mouse.cpp
     1>d:\users\user-pc\documents\visual studio 2013\magshimim\fifth simester\project\gitshare\source code\menu system\mouse.h(18): error C2259: 'Mouse' : cannot instantiate abstract class
                 due to following members:
                 'Page *Page::Function(std::vector<std::vector<cv::Point,std::allocator<_Ty>>,std::allocator<std::vector<_Ty,std::allocator<_Ty>>>> *)' : is abstract
                 with
                 [
                     _Ty=cv::Point
                 ]
                 d:\users\user-pc\documents\visual studio 2013\magshimim\fifth simester\project\gitshare\source code\menu system\page.h(16) : see declaration of 'Page::Function'
         Menu.cpp
     1>d:\users\user-pc\documents\visual studio 2013\magshimim\fifth simester\project\gitshare\source code\menu system\page.h(10): error C2011: 'Page' : 'class' type redefinition
                 d:\users\user-pc\documents\visual studio 2013\magshimim\fifth simester\project\gitshare\source code\menu system\page.h(10) : see declaration of 'Page'
     1>d:\users\user-pc\documents\visual studio 2013\magshimim\fifth simester\project\gitshare\source code\menu system\livewallpaper.h(5): error C2504: 'Page' : base class undefined
     1>d:\users\user-pc\documents\visual studio 2013\magshimim\fifth simester\project\gitshare\source code\menu system\wallpaper.h(15): error C2504: 'Page' : base class undefined
     1>c:\program files (x86)\microsoft visual studio 12.0\vc\include\xstddef(328): error C2338: The C++ Standard doesn't provide a hash for this type.
                 c:\program files (x86)\microsoft visual studio 12.0\vc\include\type_traits(572) : see reference to class template instantiation 'std::hash<_Kty>' being compiled
                 with
                 [
                     _Kty=Square
                 ]
                 c:\program files (x86)\microsoft visual studio 12.0\vc\include\xhash(196) : see reference to class template instantiation 'std::is_empty<_Hasher>' being compiled
                 with
                 [
                     _Hasher=std::hash<Square>
                 ]
                 c:\program files (x86)\microsoft visual studio 12.0\vc\include\xhash(220) : see reference to class template instantiation 'std::_Hash_oper2<false,_Hasher,_Keyeq>' being compiled
                 with
                 [
                     _Hasher=std::hash<Square>
         ,            _Keyeq=std::equal_to<Square>
                 ]
                 c:\program files (x86)\microsoft visual studio 12.0\vc\include\unordered_map(23) : see reference to class template instantiation 'std::_Uhash_compare<_Kty,_Hasher,_Keyeq>' being compiled
                 with
                 [
                     _Kty=Square
         ,            _Hasher=std::hash<Square>
         ,            _Keyeq=std::equal_to<Square>
                 ]
                 c:\program files (x86)\microsoft visual studio 12.0\vc\include\xhash(255) : see reference to class template instantiation 'std::_Umap_traits<_Kty,_Ty,std::_Uhash_compare<_Kty,_Hasher,_Keyeq>,_Alloc,false>' being compiled
                 with
                 [
                     _Kty=Square
         ,            _Ty=std::string
         ,            _Hasher=std::hash<Square>
         ,            _Keyeq=std::equal_to<Square>
         ,            _Alloc=std::allocator<std::pair<const Square,std::string>>
                 ]
                 c:\program files (x86)\microsoft visual studio 12.0\vc\include\unordered_map(81) : see reference to class template instantiation 'std::_Hash<std::_Umap_traits<_Kty,_Ty,std::_Uhash_compare<_Kty,_Hasher,_Keyeq>,_Alloc,false>>' being compiled
                 with
                 [
                     _Kty=Square
         ,            _Ty=std::string
         ,            _Hasher=std::hash<Square>
         ,            _Keyeq=std::equal_to<Square>
         ,            _Alloc=std::allocator<std::pair<const Square,std::string>>
                 ]
                 d:\users\user-pc\documents\visual studio 2013\magshimim\fifth simester\project\gitshare\source code\menu system\wallpaper.h(17) : see reference to class template instantiation 'std::unordered_map<Square,std::string,std::hash<_Kty>,std::equal_to<_Kty>,std::allocator<std::pair<const _Kty,_Ty>>>' being compiled
                 with
                 [
                     _Kty=Square
         ,            _Ty=std::string
                 ]
     1>d:\users\user-pc\documents\visual studio 2013\magshimim\fifth simester\project\gitshare\source code\menu system\light.h(11): error C2504: 'Page' : base class undefined
     1>d:\users\user-pc\documents\visual studio 2013\magshimim\fifth simester\project\gitshare\source code\menu system\media.h(5): error C2504: 'Page' : base class undefined
     1>d:\users\user-pc\documents\visual studio 2013\magshimim\fifth simester\project\gitshare\source code\menu system\mouse.h(5): error C2504: 'Page' : base class undefined
     1>d:\users\user-pc\documents\visual studio 2013\magshimim\fifth simester\project\gitshare\source code\menu system\keyboard.h(5): error C2504: 'Page' : base class undefined
     1>d:\users\user-pc\documents\visual studio 2013\magshimim\fifth simester\project\gitshare\source code\menu system\shortcut.h(5): error C2504: 'Page' : base class undefined
     1>d:\users\user-pc\documents\visual studio 2013\magshimim\fifth simester\project\gitshare\source code\menu system\computercontrol.h(15): error C2504: 'Page' : base class undefined
     1>d:\users\user-pc\documents\visual studio 2013\magshimim\fifth simester\project\gitshare\source code\menu system\hockey.h(5): error C2504: 'Page' : base class undefined
     1>d:\users\user-pc\documents\visual studio 2013\magshimim\fifth simester\project\gitshare\source code\menu system\paint.h(5): error C2504: 'Page' : base class undefined
     1>d:\users\user-pc\documents\visual studio 2013\magshimim\fifth simester\project\gitshare\source code\menu system\snake.h(5): error C2504: 'Page' : base class undefined
     1>d:\users\user-pc\documents\visual studio 2013\magshimim\fifth simester\project\gitshare\source code\menu system\games.h(12): error C2504: 'Page' : base class undefined
     1>d:\users\user-pc\documents\visual studio 2013\magshimim\fifth simester\project\gitshare\source code\menu system\changepassword.h(5): error C2504: 'Page' : base class undefined
     1>d:\users\user-pc\documents\visual studio 2013\magshimim\fifth simester\project\gitshare\source code\menu system\feedback.h(5): error C2504: 'Page' : base class undefined
     1>d:\users\user-pc\documents\visual studio 2013\magshimim\fifth simester\project\gitshare\source code\menu system\brightness.h(5): error C2504: 'Page' : base class undefined
     1>d:\users\user-pc\documents\visual studio 2013\magshimim\fifth simester\project\gitshare\source code\menu system\sensitivity.h(5): error C2504: 'Page' : base class undefined
     1>d:\users\user-pc\documents\visual studio 2013\magshimim\fifth simester\project\gitshare\source code\menu system\settings.h(16): error C2504: 'Page' : base class undefined
     1>d:\users\user-pc\documents\visual studio 2013\magshimim\fifth simester\project\gitshare\source code\menu system\menu.h(19): error C2504: 'Page' : base class undefined
     1>d:\users\user-pc\documents\visual studio 2013\magshimim\fifth simester\project\gitshare\source code\menu system\menu.cpp(8): error C2614: 'Menu' : illegal member initialization: 'Page' is not a base or member
     1>d:\users\user-pc\documents\visual studio 2013\magshimim\fifth simester\project\gitshare\source code\menu system\menu.cpp(11): error C2039: '_Buttons' : is not a member of 'Menu'
                 d:\users\user-pc\documents\visual studio 2013\magshimim\fifth simester\project\gitshare\source code\menu system\menu.h(18) : see declaration of 'Menu'
     1>d:\users\user-pc\documents\visual studio 2013\magshimim\fifth simester\project\gitshare\source code\menu system\menu.cpp(17): error C2039: '_Buttons' : is not a member of 'Menu'
                 d:\users\user-pc\documents\visual studio 2013\magshimim\fifth simester\project\gitshare\source code\menu system\menu.h(18) : see declaration of 'Menu'
     1>d:\users\user-pc\documents\visual studio 2013\magshimim\fifth simester\project\gitshare\source code\menu system\menu.cpp(17): error C2227: left of '->at' must point to class/struct/union/generic type
     1>d:\users\user-pc\documents\visual studio 2013\magshimim\fifth simester\project\gitshare\source code\menu system\menu.cpp(19): error C2440: '=' : cannot convert from 'Light *' to 'Page *'
                 Types pointed to are unrelated; conversion requires reinterpret_cast, C-style cast or function-style cast
     1>d:\users\user-pc\documents\visual studio 2013\magshimim\fifth simester\project\gitshare\source code\menu system\menu.cpp(20): error C2440: '=' : cannot convert from 'Settings *' to 'Page *'
                 Types pointed to are unrelated; conversion requires reinterpret_cast, C-style cast or function-style cast
     1>d:\users\user-pc\documents\visual studio 2013\magshimim\fifth simester\project\gitshare\source code\menu system\menu.cpp(21): error C2440: '=' : cannot convert from 'ComputerControl *' to 'Page *'
                 Types pointed to are unrelated; conversion requires reinterpret_cast, C-style cast or function-style cast
     1>d:\users\user-pc\documents\visual studio 2013\magshimim\fifth simester\project\gitshare\source code\menu system\menu.cpp(22): error C2440: '=' : cannot convert from 'Games *' to 'Page *'
                 Types pointed to are unrelated; conversion requires reinterpret_cast, C-style cast or function-style cast
     1>d:\users\user-pc\documents\visual studio 2013\magshimim\fifth simester\project\gitshare\source code\menu system\menu.cpp(46): error C2440: 'return' : cannot convert from 'Menu *const ' to 'Page *'
                 Types pointed to are unrelated; conversion requires reinterpret_cast, C-style cast or function-style cast
         Media.cpp
     1>d:\users\user-pc\documents\visual studio 2013\magshimim\fifth simester\project\gitshare\source code\menu system\media.h(18): error C2259: 'Media' : cannot instantiate abstract class
                 due to following members:
                 'Page *Page::Function(std::vector<std::vector<cv::Point,std::allocator<_Ty>>,std::allocator<std::vector<_Ty,std::allocator<_Ty>>>> *)' : is abstract
                 with
                 [
                     _Ty=cv::Point
                 ]
                 d:\users\user-pc\documents\visual studio 2013\magshimim\fifth simester\project\gitshare\source code\menu system\page.h(16) : see declaration of 'Page::Function'
         LiveWallPaper.cpp
     1>d:\users\user-pc\documents\visual studio 2013\magshimim\fifth simester\project\gitshare\source code\menu system\livewallpaper.h(18): error C2259: 'LiveWallPaper' : cannot instantiate abstract class
                 due to following members:
                 'Page *Page::Function(std::vector<std::vector<cv::Point,std::allocator<_Ty>>,std::allocator<std::vector<_Ty,std::allocator<_Ty>>>> *)' : is abstract
                 with
                 [
                     _Ty=cv::Point
                 ]
                 d:\users\user-pc\documents\visual studio 2013\magshimim\fifth simester\project\gitshare\source code\menu system\page.h(16) : see declaration of 'Page::Function'
         Light.cpp
     1>d:\users\user-pc\documents\visual studio 2013\magshimim\fifth simester\project\gitshare\source code\menu system\page.h(10): error C2011: 'Page' : 'class' type redefinition
                 d:\users\user-pc\documents\visual studio 2013\magshimim\fifth simester\project\gitshare\source code\menu system\page.h(10) : see declaration of 'Page'
     1>d:\users\user-pc\documents\visual studio 2013\magshimim\fifth simester\project\gitshare\source code\menu system\livewallpaper.h(5): error C2504: 'Page' : base class undefined
     1>d:\users\user-pc\documents\visual studio 2013\magshimim\fifth simester\project\gitshare\source code\menu system\wallpaper.h(15): error C2504: 'Page' : base class undefined
     1>c:\program files (x86)\microsoft visual studio 12.0\vc\include\xstddef(328): error C2338: The C++ Standard doesn't provide a hash for this type.
                 c:\program files (x86)\microsoft visual studio 12.0\vc\include\type_traits(572) : see reference to class template instantiation 'std::hash<_Kty>' being compiled
                 with
                 [
                     _Kty=Square
                 ]
                 c:\program files (x86)\microsoft visual studio 12.0\vc\include\xhash(196) : see reference to class template instantiation 'std::is_empty<_Hasher>' being compiled
                 with
                 [
                     _Hasher=std::hash<Square>
                 ]
                 c:\program files (x86)\microsoft visual studio 12.0\vc\include\xhash(220) : see reference to class template instantiation 'std::_Hash_oper2<false,_Hasher,_Keyeq>' being compiled
                 with
                 [
                     _Hasher=std::hash<Square>
         ,            _Keyeq=std::equal_to<Square>
                 ]
                 c:\program files (x86)\microsoft visual studio 12.0\vc\include\unordered_map(23) : see reference to class template instantiation 'std::_Uhash_compare<_Kty,_Hasher,_Keyeq>' being compiled
                 with
                 [
                     _Kty=Square
         ,            _Hasher=std::hash<Square>
         ,            _Keyeq=std::equal_to<Square>
                 ]
                 c:\program files (x86)\microsoft visual studio 12.0\vc\include\xhash(255) : see reference to class template instantiation 'std::_Umap_traits<_Kty,_Ty,std::_Uhash_compare<_Kty,_Hasher,_Keyeq>,_Alloc,false>' being compiled
                 with
                 [
                     _Kty=Square
         ,            _Ty=std::string
         ,            _Hasher=std::hash<Square>
         ,            _Keyeq=std::equal_to<Square>
         ,            _Alloc=std::allocator<std::pair<const Square,std::string>>
                 ]
                 c:\program files (x86)\microsoft visual studio 12.0\vc\include\unordered_map(81) : see reference to class template instantiation 'std::_Hash<std::_Umap_traits<_Kty,_Ty,std::_Uhash_compare<_Kty,_Hasher,_Keyeq>,_Alloc,false>>' being compiled
                 with
                 [
                     _Kty=Square
         ,            _Ty=std::string
         ,            _Hasher=std::hash<Square>
         ,            _Keyeq=std::equal_to<Square>
         ,            _Alloc=std::allocator<std::pair<const Square,std::string>>
                 ]
                 d:\users\user-pc\documents\visual studio 2013\magshimim\fifth simester\project\gitshare\source code\menu system\wallpaper.h(17) : see reference to class template instantiation 'std::unordered_map<Square,std::string,std::hash<_Kty>,std::equal_to<_Kty>,std::allocator<std::pair<const _Kty,_Ty>>>' being compiled
                 with
                 [
                     _Kty=Square
         ,            _Ty=std::string
                 ]
     1>d:\users\user-pc\documents\visual studio 2013\magshimim\fifth simester\project\gitshare\source code\menu system\light.h(11): error C2504: 'Page' : base class undefined
     1>d:\users\user-pc\documents\visual studio 2013\magshimim\fifth simester\project\gitshare\source code\menu system\light.cpp(8): error C2614: 'Light' : illegal member initialization: 'Page' is not a base or member
     1>d:\users\user-pc\documents\visual studio 2013\magshimim\fifth simester\project\gitshare\source code\menu system\light.cpp(11): error C2039: '_Buttons' : is not a member of 'Light'
                 d:\users\user-pc\documents\visual studio 2013\magshimim\fifth simester\project\gitshare\source code\menu system\light.h(10) : see declaration of 'Light'
     1>d:\users\user-pc\documents\visual studio 2013\magshimim\fifth simester\project\gitshare\source code\menu system\light.cpp(17): error C2039: '_Buttons' : is not a member of 'Light'
                 d:\users\user-pc\documents\visual studio 2013\magshimim\fifth simester\project\gitshare\source code\menu system\light.h(10) : see declaration of 'Light'
     1>d:\users\user-pc\documents\visual studio 2013\magshimim\fifth simester\project\gitshare\source code\menu system\light.cpp(17): error C2227: left of '->at' must point to class/struct/union/generic type
     1>d:\users\user-pc\documents\visual studio 2013\magshimim\fifth simester\project\gitshare\source code\menu system\light.cpp(19): error C2440: '=' : cannot convert from 'WallPaper *' to 'Page *'
                 Types pointed to are unrelated; conversion requires reinterpret_cast, C-style cast or function-style cast
     1>d:\users\user-pc\documents\visual studio 2013\magshimim\fifth simester\project\gitshare\source code\menu system\light.cpp(20): error C2440: '=' : cannot convert from 'LiveWallPaper *' to 'Page *'
                 Types pointed to are unrelated; conversion requires reinterpret_cast, C-style cast or function-style cast
     1>d:\users\user-pc\documents\visual studio 2013\magshimim\fifth simester\project\gitshare\source code\menu system\light.cpp(43): error C2440: 'return' : cannot convert from 'Light *const ' to 'Page *'
                 Types pointed to are unrelated; conversion requires reinterpret_cast, C-style cast or function-style cast
         Keyboard.cpp
     1>d:\users\user-pc\documents\visual studio 2013\magshimim\fifth simester\project\gitshare\source code\menu system\keyboard.h(18): error C2259: 'Keyboard' : cannot instantiate abstract class
                 due to following members:
                 'Page *Page::Function(std::vector<std::vector<cv::Point,std::allocator<_Ty>>,std::allocator<std::vector<_Ty,std::allocator<_Ty>>>> *)' : is abstract
                 with
                 [
                     _Ty=cv::Point
                 ]
                 d:\users\user-pc\documents\visual studio 2013\magshimim\fifth simester\project\gitshare\source code\menu system\page.h(16) : see declaration of 'Page::Function'
         Hockey.cpp
     1>d:\users\user-pc\documents\visual studio 2013\magshimim\fifth simester\project\gitshare\source code\menu system\hockey.h(18): error C2259: 'Hockey' : cannot instantiate abstract class
                 due to following members:
                 'Page *Page::Function(std::vector<std::vector<cv::Point,std::allocator<_Ty>>,std::allocator<std::vector<_Ty,std::allocator<_Ty>>>> *)' : is abstract
                 with
                 [
                     _Ty=cv::Point
                 ]
                 d:\users\user-pc\documents\visual studio 2013\magshimim\fifth simester\project\gitshare\source code\menu system\page.h(16) : see declaration of 'Page::Function'
         GeneralPage.cpp
     1>d:\users\user-pc\documents\visual studio 2013\magshimim\fifth simester\project\gitshare\source code\menu system\generalpage.h(18): error C2259: 'GeneralPage' : cannot instantiate abstract class
                 due to following members:
                 'Page *Page::Function(std::vector<std::vector<cv::Point,std::allocator<_Ty>>,std::allocator<std::vector<_Ty,std::allocator<_Ty>>>> *)' : is abstract
                 with
                 [
                     _Ty=cv::Point
                 ]
                 d:\users\user-pc\documents\visual studio 2013\magshimim\fifth simester\project\gitshare\source code\menu system\page.h(16) : see declaration of 'Page::Function'
         Games.cpp
     1>d:\users\user-pc\documents\visual studio 2013\magshimim\fifth simester\project\gitshare\source code\menu system\page.h(10): error C2011: 'Page' : 'class' type redefinition
                 d:\users\user-pc\documents\visual studio 2013\magshimim\fifth simester\project\gitshare\source code\menu system\page.h(10) : see declaration of 'Page'
     1>d:\users\user-pc\documents\visual studio 2013\magshimim\fifth simester\project\gitshare\source code\menu system\hockey.h(5): error C2504: 'Page' : base class undefined
     1>d:\users\user-pc\documents\visual studio 2013\magshimim\fifth simester\project\gitshare\source code\menu system\paint.h(5): error C2504: 'Page' : base class undefined
     1>d:\users\user-pc\documents\visual studio 2013\magshimim\fifth simester\project\gitshare\source code\menu system\snake.h(5): error C2504: 'Page' : base class undefined
     1>d:\users\user-pc\documents\visual studio 2013\magshimim\fifth simester\project\gitshare\source code\menu system\games.h(12): error C2504: 'Page' : base class undefined
     1>c:\program files (x86)\microsoft visual studio 12.0\vc\include\xstddef(328): error C2338: The C++ Standard doesn't provide a hash for this type.
                 c:\program files (x86)\microsoft visual studio 12.0\vc\include\type_traits(572) : see reference to class template instantiation 'std::hash<_Kty>' being compiled
                 with
                 [
                     _Kty=Square
                 ]
                 c:\program files (x86)\microsoft visual studio 12.0\vc\include\xhash(196) : see reference to class template instantiation 'std::is_empty<_Hasher>' being compiled
                 with
                 [
                     _Hasher=std::hash<Square>
                 ]
                 c:\program files (x86)\microsoft visual studio 12.0\vc\include\xhash(220) : see reference to class template instantiation 'std::_Hash_oper2<false,_Hasher,_Keyeq>' being compiled
                 with
                 [
                     _Hasher=std::hash<Square>
         ,            _Keyeq=std::equal_to<Square>
                 ]
                 c:\program files (x86)\microsoft visual studio 12.0\vc\include\unordered_map(23) : see reference to class template instantiation 'std::_Uhash_compare<_Kty,_Hasher,_Keyeq>' being compiled
                 with
                 [
                     _Kty=Square
         ,            _Hasher=std::hash<Square>
         ,            _Keyeq=std::equal_to<Square>
                 ]
                 c:\program files (x86)\microsoft visual studio 12.0\vc\include\xhash(255) : see reference to class template instantiation 'std::_Umap_traits<_Kty,_Ty,std::_Uhash_compare<_Kty,_Hasher,_Keyeq>,_Alloc,false>' being compiled
                 with
                 [
                     _Kty=Square
         ,            _Ty=Page *
         ,            _Hasher=std::hash<Square>
         ,            _Keyeq=std::equal_to<Square>
         ,            _Alloc=std::allocator<std::pair<const Square,Page *>>
                 ]
                 c:\program files (x86)\microsoft visual studio 12.0\vc\include\unordered_map(81) : see reference to class template instantiation 'std::_Hash<std::_Umap_traits<_Kty,_Ty,std::_Uhash_compare<_Kty,_Hasher,_Keyeq>,_Alloc,false>>' being compiled
                 with
                 [
                     _Kty=Square
         ,            _Ty=Page *
         ,            _Hasher=std::hash<Square>
         ,            _Keyeq=std::equal_to<Square>
         ,            _Alloc=std::allocator<std::pair<const Square,Page *>>
                 ]
                 d:\users\user-pc\documents\visual studio 2013\magshimim\fifth simester\project\gitshare\source code\menu system\games.h(14) : see reference to class template instantiation 'std::unordered_map<Square,Page *,std::hash<_Kty>,std::equal_to<_Kty>,std::allocator<std::pair<const _Kty,_Ty>>>' being compiled
                 with
                 [
                     _Kty=Square
         ,            _Ty=Page *
                 ]
     1>d:\users\user-pc\documents\visual studio 2013\magshimim\fifth simester\project\gitshare\source code\menu system\games.cpp(8): error C2614: 'Games' : illegal member initialization: 'Page' is not a base or member
     1>d:\users\user-pc\documents\visual studio 2013\magshimim\fifth simester\project\gitshare\source code\menu system\games.cpp(11): error C2039: '_Buttons' : is not a member of 'Games'
                 d:\users\user-pc\documents\visual studio 2013\magshimim\fifth simester\project\gitshare\source code\menu system\games.h(11) : see declaration of 'Games'
     1>d:\users\user-pc\documents\visual studio 2013\magshimim\fifth simester\project\gitshare\source code\menu system\games.cpp(17): error C2039: '_Buttons' : is not a member of 'Games'
                 d:\users\user-pc\documents\visual studio 2013\magshimim\fifth simester\project\gitshare\source code\menu system\games.h(11) : see declaration of 'Games'
     1>d:\users\user-pc\documents\visual studio 2013\magshimim\fifth simester\project\gitshare\source code\menu system\games.cpp(17): error C2227: left of '->at' must point to class/struct/union/generic type
     1>d:\users\user-pc\documents\visual studio 2013\magshimim\fifth simester\project\gitshare\source code\menu system\games.cpp(19): error C2440: '=' : cannot convert from 'Hockey *' to 'Page *'
                 Types pointed to are unrelated; conversion requires reinterpret_cast, C-style cast or function-style cast
     1>d:\users\user-pc\documents\visual studio 2013\magshimim\fifth simester\project\gitshare\source code\menu system\games.cpp(20): error C2440: '=' : cannot convert from 'Paint *' to 'Page *'
                 Types pointed to are unrelated; conversion requires reinterpret_cast, C-style cast or function-style cast
     1>d:\users\user-pc\documents\visual studio 2013\magshimim\fifth simester\project\gitshare\source code\menu system\games.cpp(21): error C2440: '=' : cannot convert from 'Snake *' to 'Page *'
                 Types pointed to are unrelated; conversion requires reinterpret_cast, C-style cast or function-style cast
     1>d:\users\user-pc\documents\visual studio 2013\magshimim\fifth simester\project\gitshare\source code\menu system\games.cpp(44): error C2440: 'return' : cannot convert from 'Games *const ' to 'Page *'
                 Types pointed to are unrelated; conversion requires reinterpret_cast, C-style cast or function-style cast
         FeedBack.cpp
     1>d:\users\user-pc\documents\visual studio 2013\magshimim\fifth simester\project\gitshare\source code\menu system\feedback.h(18): error C2259: 'FeedBack' : cannot instantiate abstract class
                 due to following members:
                 'Page *Page::Function(std::vector<std::vector<cv::Point,std::allocator<_Ty>>,std::allocator<std::vector<_Ty,std::allocator<_Ty>>>> *)' : is abstract
                 with
                 [
                     _Ty=cv::Point
                 ]
                 d:\users\user-pc\documents\visual studio 2013\magshimim\fifth simester\project\gitshare\source code\menu system\page.h(16) : see declaration of 'Page::Function'
         ComputerControl.cpp
     1>d:\users\user-pc\documents\visual studio 2013\magshimim\fifth simester\project\gitshare\source code\menu system\page.h(10): error C2011: 'Page' : 'class' type redefinition
                 d:\users\user-pc\documents\visual studio 2013\magshimim\fifth simester\project\gitshare\source code\menu system\page.h(10) : see declaration of 'Page'
     1>d:\users\user-pc\documents\visual studio 2013\magshimim\fifth simester\project\gitshare\source code\menu system\media.h(5): error C2504: 'Page' : base class undefined
     1>d:\users\user-pc\documents\visual studio 2013\magshimim\fifth simester\project\gitshare\source code\menu system\mouse.h(5): error C2504: 'Page' : base class undefined
     1>d:\users\user-pc\documents\visual studio 2013\magshimim\fifth simester\project\gitshare\source code\menu system\keyboard.h(5): error C2504: 'Page' : base class undefined
     1>d:\users\user-pc\documents\visual studio 2013\magshimim\fifth simester\project\gitshare\source code\menu system\shortcut.h(5): error C2504: 'Page' : base class undefined
     1>d:\users\user-pc\documents\visual studio 2013\magshimim\fifth simester\project\gitshare\source code\menu system\computercontrol.h(15): error C2504: 'Page' : base class undefined
     1>c:\program files (x86)\microsoft visual studio 12.0\vc\include\xstddef(328): error C2338: The C++ Standard doesn't provide a hash for this type.
                 c:\program files (x86)\microsoft visual studio 12.0\vc\include\type_traits(572) : see reference to class template instantiation 'std::hash<_Kty>' being compiled
                 with
                 [
                     _Kty=Square
                 ]
                 c:\program files (x86)\microsoft visual studio 12.0\vc\include\xhash(196) : see reference to class template instantiation 'std::is_empty<_Hasher>' being compiled
                 with
                 [
                     _Hasher=std::hash<Square>
                 ]
                 c:\program files (x86)\microsoft visual studio 12.0\vc\include\xhash(220) : see reference to class template instantiation 'std::_Hash_oper2<false,_Hasher,_Keyeq>' being compiled
                 with
                 [
                     _Hasher=std::hash<Square>
         ,            _Keyeq=std::equal_to<Square>
                 ]
                 c:\program files (x86)\microsoft visual studio 12.0\vc\include\unordered_map(23) : see reference to class template instantiation 'std::_Uhash_compare<_Kty,_Hasher,_Keyeq>' being compiled
                 with
                 [
                     _Kty=Square
         ,            _Hasher=std::hash<Square>
         ,            _Keyeq=std::equal_to<Square>
                 ]
                 c:\program files (x86)\microsoft visual studio 12.0\vc\include\xhash(255) : see reference to class template instantiation 'std::_Umap_traits<_Kty,_Ty,std::_Uhash_compare<_Kty,_Hasher,_Keyeq>,_Alloc,false>' being compiled
                 with
                 [
                     _Kty=Square
         ,            _Ty=Page *
         ,            _Hasher=std::hash<Square>
         ,            _Keyeq=std::equal_to<Square>
         ,            _Alloc=std::allocator<std::pair<const Square,Page *>>
                 ]
                 c:\program files (x86)\microsoft visual studio 12.0\vc\include\unordered_map(81) : see reference to class template instantiation 'std::_Hash<std::_Umap_traits<_Kty,_Ty,std::_Uhash_compare<_Kty,_Hasher,_Keyeq>,_Alloc,false>>' being compiled
                 with
                 [
                     _Kty=Square
         ,            _Ty=Page *
         ,            _Hasher=std::hash<Square>
         ,            _Keyeq=std::equal_to<Square>
         ,            _Alloc=std::allocator<std::pair<const Square,Page *>>
                 ]
                 d:\users\user-pc\documents\visual studio 2013\magshimim\fifth simester\project\gitshare\source code\menu system\computercontrol.h(17) : see reference to class template instantiation 'std::unordered_map<Square,Page *,std::hash<_Kty>,std::equal_to<_Kty>,std::allocator<std::pair<const _Kty,_Ty>>>' being compiled
                 with
                 [
                     _Kty=Square
         ,            _Ty=Page *
                 ]
     1>d:\users\user-pc\documents\visual studio 2013\magshimim\fifth simester\project\gitshare\source code\menu system\computercontrol.cpp(8): error C2614: 'ComputerControl' : illegal member initialization: 'Page' is not a base or member
     1>d:\users\user-pc\documents\visual studio 2013\magshimim\fifth simester\project\gitshare\source code\menu system\computercontrol.cpp(11): error C2039: '_Buttons' : is not a member of 'ComputerControl'
                 d:\users\user-pc\documents\visual studio 2013\magshimim\fifth simester\project\gitshare\source code\menu system\computercontrol.h(14) : see declaration of 'ComputerControl'
     1>d:\users\user-pc\documents\visual studio 2013\magshimim\fifth simester\project\gitshare\source code\menu system\computercontrol.cpp(17): error C2039: '_Buttons' : is not a member of 'ComputerControl'
                 d:\users\user-pc\documents\visual studio 2013\magshimim\fifth simester\project\gitshare\source code\menu system\computercontrol.h(14) : see declaration of 'ComputerControl'
     1>d:\users\user-pc\documents\visual studio 2013\magshimim\fifth simester\project\gitshare\source code\menu system\computercontrol.cpp(17): error C2227: left of '->at' must point to class/struct/union/generic type
     1>d:\users\user-pc\documents\visual studio 2013\magshimim\fifth simester\project\gitshare\source code\menu system\computercontrol.cpp(19): error C2440: '=' : cannot convert from 'Media *' to 'Page *'
                 Types pointed to are unrelated; conversion requires reinterpret_cast, C-style cast or function-style cast
     1>d:\users\user-pc\documents\visual studio 2013\magshimim\fifth simester\project\gitshare\source code\menu system\computercontrol.cpp(20): error C2440: '=' : cannot convert from 'Mouse *' to 'Page *'
                 Types pointed to are unrelated; conversion requires reinterpret_cast, C-style cast or function-style cast
     1>d:\users\user-pc\documents\visual studio 2013\magshimim\fifth simester\project\gitshare\source code\menu system\computercontrol.cpp(21): error C2440: '=' : cannot convert from 'Keyboard *' to 'Page *'
                 Types pointed to are unrelated; conversion requires reinterpret_cast, C-style cast or function-style cast
     1>d:\users\user-pc\documents\visual studio 2013\magshimim\fifth simester\project\gitshare\source code\menu system\computercontrol.cpp(22): error C2440: '=' : cannot convert from 'Shortcut *' to 'Page *'
                 Types pointed to are unrelated; conversion requires reinterpret_cast, C-style cast or function-style cast
     1>d:\users\user-pc\documents\visual studio 2013\magshimim\fifth simester\project\gitshare\source code\menu system\computercontrol.cpp(45): error C2440: 'return' : cannot convert from 'ComputerControl *const ' to 'Page *'
                 Types pointed to are unrelated; conversion requires reinterpret_cast, C-style cast or function-style cast
         Generating Code...
         Compiling...
         ChangePassword.cpp
     1>d:\users\user-pc\documents\visual studio 2013\magshimim\fifth simester\project\gitshare\source code\menu system\changepassword.h(18): error C2259: 'ChangePassword' : cannot instantiate abstract class
                 due to following members:
                 'Page *Page::Function(std::vector<std::vector<cv::Point,std::allocator<_Ty>>,std::allocator<std::vector<_Ty,std::allocator<_Ty>>>> *)' : is abstract
                 with
                 [
                     _Ty=cv::Point
                 ]
                 d:\users\user-pc\documents\visual studio 2013\magshimim\fifth simester\project\gitshare\source code\menu system\page.h(16) : see declaration of 'Page::Function'
         Brightness.cpp
     1>d:\users\user-pc\documents\visual studio 2013\magshimim\fifth simester\project\gitshare\source code\menu system\brightness.h(18): error C2259: 'Brightness' : cannot instantiate abstract class
                 due to following members:
                 'Page *Page::Function(std::vector<std::vector<cv::Point,std::allocator<_Ty>>,std::allocator<std::vector<_Ty,std::allocator<_Ty>>>> *)' : is abstract
                 with
                 [
                     _Ty=cv::Point
                 ]
                 d:\users\user-pc\documents\visual studio 2013\magshimim\fifth simester\project\gitshare\source code\menu system\page.h(16) : see declaration of 'Page::Function'
         Sensor.cpp
     1>d:\users\user-pc\documents\visual studio 2013\magshimim\fifth simester\project\gnublin-api-master\gnublin.h(44): fatal error C1083: Cannot open include file: 'linux/i2c.h': No such file or directory
         Screen.cpp
     1>d:\users\user-pc\documents\visual studio 2013\magshimim\fifth simester\project\gnublin-api-master\gnublin.h(44): fatal error C1083: Cannot open include file: 'linux/i2c.h': No such file or directory
         CommunicationProtocol.cpp
     1>d:\users\user-pc\documents\visual studio 2013\magshimim\fifth simester\project\gnublin-api-master\gnublin.h(44): fatal error C1083: Cannot open include file: 'linux/i2c.h': No such file or directory
         EdditionalFunction.cpp
         LEDBoardControl.cpp
     1>d:\users\user-pc\documents\visual studio 2013\magshimim\fifth simester\project\gitshare\source code\arduino\ledboardcontrol.cpp(1): fatal error C1083: Cannot open include file: 'FastLED.h': No such file or directory
         Generating Code...
         Compiling...
         SettingsFile.cpp
         PrintPic.cpp
         Picture.cpp
         ComputerCommunicate.cpp
         Main.cpp
         Generating Code...
         Skipping... (no relevant changes detected)
         exceptions.cpp
     1>Done Building Project "D:\Users\user-pc\Documents\Visual Studio 2013\magshimim\fifth simester\project\gitshare\MegaTabLight\MegaTabLight\MegaTabLight.vcxproj" (Build target(s)) -- FAILED.

Build FAILED.

Time Elapsed 00:00:23.87
